<?xml version="1.0" encoding="utf-8" ?>
<!--
Following submission of the PAIN.008.001.02 collection file, four transaction have been rejected for various reasons detailed below.
These rejected transactions come from two separate batches within the original PAIN.008.001.02 file, batch PMTINFID1 and batch PMTINFID2
-->
<Document
    xmlns="urn:iso:std:iso:20022:tech:xsd:other.002.001.03"
    xmlns:xsi="http://www.w3.org/2001/XMLSchema-instance"
>
    <CstmrPmtStsRpt>
        <GrpHdr>
            <MsgId>MSGID99345678912</MsgId>
            <!--
Message ID of the PAIN.002 message - assigned by the Creditor Bank to uniquely identify the PAIN.002 message
 -->
            <CreDtTm>2016-10-08T20:49:00</CreDtTm>
            <CdtrAgt>
                <FinInstnId>
                    <BIC>BOFIIE2D</BIC>
                    <!--
 BIC of Financial Institution that created the message - always BOI BIC
 -->
                </FinInstnId>
            </CdtrAgt>
        </GrpHdr>
        <OrgnlGrpInfAndSts>
            <OrgnlMsgId>MSGID12345678912</OrgnlMsgId>
            <!--
 Unique file identification of the corresponding PAIN.008.001.02 file as assigned by the originator
 -->
            <OrgnlMsgNmId>PAIN.008.001.02</OrgnlMsgNmId>
            <OrgnlNbOfTxs>4</OrgnlNbOfTxs>
            <OrgnlCtrlSum>400</OrgnlCtrlSum>
        </OrgnlGrpInfAndSts>
        <OrgnlPmtInfAndSts>
            <OrgnlPmtInfId>PMTINFID1</OrgnlPmtInfId>
            <!--
Unique identification of batch in which two transactions have failed. The unique identifier is provided by the originator in
the corresponding PAIN.008.001.02 file
-->
            <OrgnlNbOfTxs>2</OrgnlNbOfTxs>
            <OrgnlCtrlSum>200</OrgnlCtrlSum>
            <TxInfAndSts>
                <!--
The following transaction has been rejected due to invalid IBAN (AC01)- all transaction level fields from the original PAIN.008.001.02
 message will be contained in the rejected transaction information
-->
                <StsId>IDREJ1</StsId>
                <!--
Reference of the bank that initiated the payment rejection
-->
                <OrgnlEndToEndId>E2EID1</OrgnlEndToEndId>
                <!--
Unique End to End identifier for the transaction as assigned by the originator in the corresponding PAIN.008.001.02 message
-->
                <TxSts>RJCT</TxSts>
                <StsRsnInf>
                    <Orgtr>
                        <Id>
                            <OrgId>
                                <BICOrBEI>BOFIIE2D</BICOrBEI>
                            </OrgId>
                        </Id>
                    </Orgtr>
                    <Rsn>
                        <Cd>AC01</Cd>
                    </Rsn>
                    <AddtlInf>ACC NUMBER INVALID</AddtlInf>
                </StsRsnInf>
                <OrgnlTxRef>
                    <Amt>
                        <InstdAmt Ccy="EUR">100</InstdAmt>
                    </Amt>
                    <ReqdColltnDt>2016-10-09</ReqdColltnDt>
                    <CdtrSchmeId>
                        <Id>
                            <PrvtId>
                                <Othr>
                                    <Id>IE03ZZZ123456</Id>
                                    <SchmeNm>
                                        <Prtry>SEPA</Prtry>
                                    </SchmeNm>
                                </Othr>
                            </PrvtId>
                        </Id>
                    </CdtrSchmeId>
                    <PmtTpInf>
                        <SvcLvl>
                            <Cd>SEPA</Cd>
                        </SvcLvl>
                        <LclInstrm>
                            <Cd>CORE</Cd>
                        </LclInstrm>
                        <SeqTp>FRST</SeqTp>
                    </PmtTpInf>
                    <MndtRltdInf>
                        <MndtId>MANDATEID1</MndtId>
                        <DtOfSgntr>2016-09-01</DtOfSgntr>
                    </MndtRltdInf>
                    <Dbtr>
                        <Nm>DEBTOR1</Nm>
                    </Dbtr>
                    <DbtrAcct>
                        <Id>
                            <IBAN>IE98BOFI90393912121212</IBAN>
                        </Id>
                    </DbtrAcct>
                    <DbtrAgt>
                        <FinInstnId>
                            <BIC>BOFIIE2D</BIC>
                        </FinInstnId>
                    </DbtrAgt>
                    <CdtrAgt>
                        <FinInstnId>
                            <BIC>BOFIIE2D</BIC>
                        </FinInstnId>
                    </CdtrAgt>
                    <Cdtr>
                        <Nm>CREDITOR</Nm>
                    </Cdtr>
                    <CdtrAcct>
                        <Id>
                            <IBAN>NL77ABNA0574908765</IBAN>
                        </Id>
                        <Ccy>EUR</Ccy>
                    </CdtrAcct>
                </OrgnlTxRef>
            </TxInfAndSts>
            <TxInfAndSts>
                <!--
The following transaction has been rejected due to a refusal by the debtor (MS03)
 -->
                <StsId>IDREJ2</StsId>
                <OrgnlEndToEndId>E2EID2</OrgnlEndToEndId>
                <TxSts>RJCT</TxSts>
                <StsRsnInf>
                    <Orgtr>
                        <Nm>DEBTOR2</Nm>
                    </Orgtr>
                    <Rsn>
                        <Cd>MS02</Cd>
                    </Rsn>
                </StsRsnInf>
                <OrgnlTxRef>
                    <Amt>
                        <InstdAmt Ccy="EUR">100</InstdAmt>
                    </Amt>
                    <ReqdColltnDt>2016-10-09</ReqdColltnDt>
                    <CdtrSchmeId>
                        <Id>
                            <PrvtId>
                                <Othr>
                                    <Id>IE03ZZZ123456</Id>
                                    <SchmeNm>
                                        <Prtry>SEPA</Prtry>
                                    </SchmeNm>
                                </Othr>
                            </PrvtId>
                        </Id>
                    </CdtrSchmeId>
                    <PmtTpInf>
                        <SvcLvl>
                            <Cd>SEPA</Cd>
                        </SvcLvl>
                        <LclInstrm>
                            <Cd>CORE</Cd>
                        </LclInstrm>
                        <SeqTp>FRST</SeqTp>
                    </PmtTpInf>
                    <MndtRltdInf>
                        <MndtId>MANDATEID2</MndtId>
                        <DtOfSgntr>2016-09-01</DtOfSgntr>
                    </MndtRltdInf>
                    <Dbtr>
                        <Nm>DEBTOR2</Nm>
                    </Dbtr>
                    <DbtrAcct>
                        <Id>
                            <IBAN>IE16AIBK93110187654321</IBAN>
                        </Id>
                    </DbtrAcct>
                    <DbtrAgt>
                        <FinInstnId>
                            <BIC>AIBKIE2D</BIC>
                        </FinInstnId>
                    </DbtrAgt>
                    <CdtrAgt>
                        <FinInstnId>
                            <BIC>BOFIIE2D</BIC>
                        </FinInstnId>
                    </CdtrAgt>
                    <Cdtr>
                        <Nm>CREDITOR</Nm>
                    </Cdtr>
                    <CdtrAcct>
                        <Id>
                            <IBAN>NL77ABNA0574908765</IBAN>
                        </Id>
                        <Ccy>EUR</Ccy>
                    </CdtrAcct>
                </OrgnlTxRef>
            </TxInfAndSts>
        </OrgnlPmtInfAndSts>
        <OrgnlPmtInfAndSts>
            <!--
Second batch from the original PAIN.008.001.02 which also has two rejected transactions
-->
            <OrgnlPmtInfId>PMTINFID2</OrgnlPmtInfId>
            <OrgnlNbOfTxs>2</OrgnlNbOfTxs>
            <OrgnlCtrlSum>200</OrgnlCtrlSum>
            <TxInfAndSts>
                <!--
The following transaction has been rejected since the debtor requested a refund for an authorised transaction (MD06)
-->
                <StsId>IDREJ3</StsId>
                <OrgnlEndToEndId>E2EID3</OrgnlEndToEndId>
                <TxSts>RJCT</TxSts>
                <StsRsnInf>
                    <Orgtr>
                        <Nm>DEBTOR3</Nm>
                    </Orgtr>
                    <Rsn>
                        <Cd>MD06</Cd>
                    </Rsn>
                </StsRsnInf>
                <OrgnlTxRef>
                    <Amt>
                        <InstdAmt Ccy="EUR">100</InstdAmt>
                    </Amt>
                    <ReqdColltnDt>2016-10-09</ReqdColltnDt>
                    <CdtrSchmeId>
                        <Id>
                            <PrvtId>
                                <Othr>
                                    <Id>IE03ZZZ123456</Id>
                                    <SchmeNm>
                                        <Prtry>SEPA</Prtry>
                                    </SchmeNm>
                                </Othr>
                            </PrvtId>
                        </Id>
                    </CdtrSchmeId>
                    <PmtTpInf>
                        <SvcLvl>
                            <Cd>SEPA</Cd>
                        </SvcLvl>
                        <LclInstrm>
                            <Cd>CORE</Cd>
                        </LclInstrm>
                        <SeqTp>RCUR</SeqTp>
                    </PmtTpInf>
                    <MndtRltdInf>
                        <MndtId>MANDATEID3</MndtId>
                        <DtOfSgntr>2016-09-01</DtOfSgntr>
                    </MndtRltdInf>
                    <Dbtr>
                        <Nm>DEBTOR3</Nm>
                    </Dbtr>
                    <DbtrAcct>
                        <Id>
                            <IBAN>IE16AIBK93110112345678</IBAN>
                        </Id>
                    </DbtrAcct>
                    <DbtrAgt>
                        <FinInstnId>
                            <BIC>AIBKIE2D</BIC>
                        </FinInstnId>
                    </DbtrAgt>
                    <CdtrAgt>
                        <FinInstnId>
                            <BIC>BOFIIE2D</BIC>
                        </FinInstnId>
                    </CdtrAgt>
                    <Cdtr>
                        <Nm>CREDITOR</Nm>
                    </Cdtr>
                    <CdtrAcct>
                        <Id>
                            <IBAN>NL77ABNA0574908765</IBAN>
                        </Id>
                        <Ccy>EUR</Ccy>
                    </CdtrAcct>
                </OrgnlTxRef>
            </TxInfAndSts>
            <TxInfAndSts>
                <!--
The following transaction is rejected since there was insufficient funds in the debtor account to fund the transaction (AM04)
-->
                <StsId>IDREJ4</StsId>
                <OrgnlEndToEndId>E2EID4</OrgnlEndToEndId>
                <TxSts>RJCT</TxSts>
                <StsRsnInf>
                    <Orgtr>
                        <Id>
                            <OrgId>
                                <BICOrBEI>BOFIIE2D</BICOrBEI>
                            </OrgId>
                        </Id>
                    </Orgtr>
                    <Rsn>
                        <Cd>AM04</Cd>
                    </Rsn>
                </StsRsnInf>
                <OrgnlTxRef>
                    <Amt>
                        <InstdAmt Ccy="EUR">100</InstdAmt>
                    </Amt>
                    <ReqdColltnDt>2016-10-09</ReqdColltnDt>
                    <CdtrSchmeId>
                        <Id>
                            <PrvtId>
                                <Othr>
                                    <Id>IE03ZZZ123456</Id>
                                    <SchmeNm>
                                        <Prtry>SEPA</Prtry>
                                    </SchmeNm>
                                </Othr>
                            </PrvtId>
                        </Id>
                    </CdtrSchmeId>
                    <PmtTpInf>
                        <SvcLvl>
                            <Cd>SEPA</Cd>
                        </SvcLvl>
                        <LclInstrm>
                            <Cd>CORE</Cd>
                        </LclInstrm>
                        <SeqTp>RCUR</SeqTp>
                    </PmtTpInf>
                    <MndtRltdInf>
                        <MndtId>MANDATEID4</MndtId>
                        <DtOfSgntr>2016-09-01</DtOfSgntr>
                    </MndtRltdInf>
                    <Dbtr>
                        <Nm>DEBTOR4</Nm>
                    </Dbtr>
                    <DbtrAcct>
                        <Id>
                            <IBAN>IE98BOFI90393912341234</IBAN>
                        </Id>
                    </DbtrAcct>
                    <DbtrAgt>
                        <FinInstnId>
                            <BIC>BOFIIE2D</BIC>
                        </FinInstnId>
                    </DbtrAgt>
                    <CdtrAgt>
                        <FinInstnId>
                            <BIC>BOFIIE2D</BIC>
                        </FinInstnId>
                    </CdtrAgt>
                    <Cdtr>
                        <Nm>CREDITOR</Nm>
                    </Cdtr>
                    <CdtrAcct>
                        <Id>
                            <IBAN>NL77ABNA0574908765</IBAN>
                        </Id>
                        <Ccy>EUR</Ccy>
                    </CdtrAcct>
                </OrgnlTxRef>
            </TxInfAndSts>
        </OrgnlPmtInfAndSts>
    </CstmrPmtStsRpt>
</Document>
